<?xml version="1.0" encoding="UTF-8"?>
<robot generator="Robot 3.2.2 (Python 3.12.0 on win32)" generated="20240925 16:12:54.366" rpa="false">
<suite id="s1" name="DBUtility" source="C:\Users\evi1nmk\ankit-workspace\DBUtility">
<suite id="s1-s1" name="Keywords" source="C:\Users\evi1nmk\ankit-workspace\DBUtility\Keywords">
<suite id="s1-s1-s1" name="Common" source="C:\Users\evi1nmk\ankit-workspace\DBUtility\Keywords\common.robot">
<test id="s1-s1-s1-t1" name="Get Data From Employee">
<kw name="Connect To MySQLDB">
<kw name="Connect To Database" library="DatabaseLibrary">
<doc>Loads the DB API 2.0 module given ``dbapiModuleName`` then uses it to
connect to the database using provided parameters such as ``dbName``, ``dbUsername``, and ``dbPassword``.</doc>
<arguments>
<arg>${database.api_module}</arg>
<arg>${database.name}</arg>
<arg>${database.user}</arg>
<arg>${database.password}</arg>
<arg>${database.host}</arg>
<arg>${database.port}</arg>
</arguments>
<msg timestamp="20240925 16:12:54.882" level="INFO">Connecting using : pymysql.connect(db=demodb, user=root, passwd=***, host=127.0.0.1, port=3306, charset=None)</msg>
<status status="PASS" starttime="20240925 16:12:54.852" endtime="20240925 16:12:54.891"></status>
</kw>
<status status="PASS" starttime="20240925 16:12:54.851" endtime="20240925 16:12:54.891"></status>
</kw>
<kw name="Get All Data From Table">
<kw name="Execute Sql String" library="DatabaseLibrary">
<doc>Executes the ``sqlString`` as a single SQL command.</doc>
<arguments>
<arg>${queries.use_db}</arg>
</arguments>
<msg timestamp="20240925 16:12:54.893" level="INFO">Executing : Execute SQL String  |  use demodb;</msg>
<status status="PASS" starttime="20240925 16:12:54.892" endtime="20240925 16:12:54.894"></status>
</kw>
<kw name="Query" library="DatabaseLibrary">
<doc>Runs a query with the ``selectStatement`` and returns the result as a list of rows.
The type of row values depends on the database module -
usually they are tuples or tuple-like objects.</doc>
<arguments>
<arg>Select * from employee;</arg>
</arguments>
<assign>
<var>@{resultset}</var>
</assign>
<msg timestamp="20240925 16:12:54.894" level="INFO">Executing : Query  |  Select * from employee; </msg>
<msg timestamp="20240925 16:12:54.896" level="INFO">@{resultset} = [ ('ACS', Decimal('69')) | ('ANKIT', Decimal('123')) ]</msg>
<status status="PASS" starttime="20240925 16:12:54.894" endtime="20240925 16:12:54.896"></status>
</kw>
<kw name="Log" library="BuiltIn">
<doc>Logs the given message with the given level.</doc>
<arguments>
<arg>@{resultset}[0]</arg>
</arguments>
<msg timestamp="20240925 16:12:54.897" level="WARN">Accessing variable items using '@{resultset}[0]' syntax is deprecated. Use '${resultset}[0]' instead.</msg>
<msg timestamp="20240925 16:12:54.897" level="INFO">('ACS', Decimal('69'))</msg>
<status status="PASS" starttime="20240925 16:12:54.897" endtime="20240925 16:12:54.898"></status>
</kw>
<kw name="Should Be Equal As Strings" library="BuiltIn">
<doc>Fails if objects are unequal after converting them to strings.</doc>
<arguments>
<arg>${resultset}</arg>
<arg>&lt;class,list&gt;</arg>
</arguments>
<msg timestamp="20240925 16:12:54.898" level="INFO">Argument types are:
&lt;class 'list'&gt;
&lt;type 'unicode'&gt;</msg>
<msg timestamp="20240925 16:12:54.899" level="FAIL">[('ACS', Decimal('69')), ('ANKIT', Decimal('123'))] != &lt;class,list&gt;</msg>
<status status="FAIL" starttime="20240925 16:12:54.898" endtime="20240925 16:12:54.899"></status>
</kw>
<status status="FAIL" starttime="20240925 16:12:54.892" endtime="20240925 16:12:54.899"></status>
</kw>
<status status="FAIL" starttime="20240925 16:12:54.850" endtime="20240925 16:12:54.899" critical="yes">[('ACS', Decimal('69')), ('ANKIT', Decimal('123'))] != &lt;class,list&gt;</status>
</test>
<status status="FAIL" starttime="20240925 16:12:54.455" endtime="20240925 16:12:54.900"></status>
</suite>
<status status="FAIL" starttime="20240925 16:12:54.451" endtime="20240925 16:12:54.903"></status>
</suite>
<status status="FAIL" starttime="20240925 16:12:54.425" endtime="20240925 16:12:54.904"></status>
</suite>
<statistics>
<total>
<stat pass="0" fail="1">Critical Tests</stat>
<stat pass="0" fail="1">All Tests</stat>
</total>
<tag>
</tag>
<suite>
<stat pass="0" fail="1" id="s1" name="DBUtility">DBUtility</stat>
<stat pass="0" fail="1" id="s1-s1" name="Keywords">DBUtility.Keywords</stat>
<stat pass="0" fail="1" id="s1-s1-s1" name="Common">DBUtility.Keywords.Common</stat>
</suite>
</statistics>
<errors>
<msg timestamp="20240925 16:12:54.897" level="WARN">Accessing variable items using '@{resultset}[0]' syntax is deprecated. Use '${resultset}[0]' instead.</msg>
</errors>
</robot>
